[ 2015-01-07T11:34:17+08:00 ] 127.0.0.1 /admin/login
INFO: [ app_init ] --START--
INFO: Run Behavior\BuildLiteBehavior [ RunTime:0.000000s ]
INFO: [ app_init ] --END-- [ RunTime:0.006000s ]

[ 2015-01-07T11:34:21+08:00 ] 127.0.0.1 /admin/login/dologin
INFO: [ app_init ] --START--
INFO: Run Behavior\BuildLiteBehavior [ RunTime:0.001000s ]
INFO: [ app_init ] --END-- [ RunTime:0.003000s ]
INFO: [ app_begin ] --START--
INFO: Run Behavior\ReadHtmlCacheBehavior [ RunTime:0.002000s ]
INFO: [ app_begin ] --END-- [ RunTime:0.003000s ]
NOTIC: [8192] mysql_connect(): The mysql extension is deprecated and will be removed in the future: use mysqli or PDO instead D:\xampp\www\whcms\ThinkPHP\Library\Think\Db\Driver\Mysql.class.php 第 52 行.
SQL: SHOW COLUMNS FROM `cms_manager` [ RunTime:0.015000s ]
SQL: SELECT * FROM `cms_manager` WHERE ( username='admin' and password='4297f44b13955235245b2497399d7a93' ) LIMIT 1   [ RunTime:0.002000s ]

[ 2015-01-07T11:34:22+08:00 ] 127.0.0.1 /admin/index
INFO: [ app_init ] --START--
INFO: Run Behavior\BuildLiteBehavior [ RunTime:0.001000s ]
INFO: [ app_init ] --END-- [ RunTime:0.003001s ]

[ 2015-01-07T11:34:26+08:00 ] 127.0.0.1 /Admin/ArticleCategory/lists
INFO: [ app_init ] --START--
INFO: Run Behavior\BuildLiteBehavior [ RunTime:0.000000s ]
INFO: [ app_init ] --END-- [ RunTime:0.002000s ]

[ 2015-01-07T11:34:40+08:00 ] 127.0.0.1 /Admin/ArticleCategory/add
INFO: [ app_init ] --START--
INFO: Run Behavior\BuildLiteBehavior [ RunTime:0.000000s ]
INFO: [ app_init ] --END-- [ RunTime:0.002000s ]

[ 2015-01-07T11:34:46+08:00 ] 127.0.0.1 /Admin/ArticleCategory/add
INFO: [ app_init ] --START--
INFO: Run Behavior\BuildLiteBehavior [ RunTime:0.001000s ]
INFO: [ app_init ] --END-- [ RunTime:0.003000s ]
INFO: [ app_begin ] --START--
INFO: Run Behavior\ReadHtmlCacheBehavior [ RunTime:0.001000s ]
INFO: [ app_begin ] --END-- [ RunTime:0.003000s ]
NOTIC: [8192] mysql_connect(): The mysql extension is deprecated and will be removed in the future: use mysqli or PDO instead D:\xampp\www\whcms\ThinkPHP\Library\Think\Db\Driver\Mysql.class.php 第 52 行.
SQL: SHOW COLUMNS FROM `cms_article_category` [ RunTime:0.008001s ]
SQL: INSERT INTO `cms_article_category` (`title`,`parentID`,`sortID`,`classLayer`) VALUES ('分类1',0,99,0) [ RunTime:0.002000s ]
SQL: UPDATE `cms_article_category` SET `classList`=',10,' WHERE ( id=10 ) [ RunTime:0.001000s ]
NOTIC: [8] Undefined variable: parentData D:\xampp\www\whcms\Application\Admin\Controller\ArticleCategoryController.class.php 第 96 行.
NOTIC: [8] Undefined variable: parentData D:\xampp\www\whcms\Application\Admin\Controller\ArticleCategoryController.class.php 第 97 行.
NOTIC: [8] Undefined variable: parentData D:\xampp\www\whcms\Application\Admin\Controller\ArticleCategoryController.class.php 第 98 行.
NOTIC: [8] Undefined variable: reuslt D:\xampp\www\whcms\Application\Admin\Controller\ArticleCategoryController.class.php 第 98 行.
SQL: UPDATE `cms_article_category` SET `classList`=',' WHERE `id` = null [ RunTime:0.001000s ]

[ 2015-01-07T11:35:39+08:00 ] 127.0.0.1 /Admin/ArticleCategory/Add
INFO: [ app_init ] --START--
INFO: Run Behavior\BuildLiteBehavior [ RunTime:0.000000s ]
INFO: [ app_init ] --END-- [ RunTime:0.003000s ]

[ 2015-01-07T11:35:44+08:00 ] 127.0.0.1 /Admin/ArticleCategory/Add
INFO: [ app_init ] --START--
INFO: Run Behavior\BuildLiteBehavior [ RunTime:0.000000s ]
INFO: [ app_init ] --END-- [ RunTime:0.003000s ]
INFO: [ app_begin ] --START--
INFO: Run Behavior\ReadHtmlCacheBehavior [ RunTime:0.002000s ]
INFO: [ app_begin ] --END-- [ RunTime:0.003000s ]
NOTIC: [8192] mysql_connect(): The mysql extension is deprecated and will be removed in the future: use mysqli or PDO instead D:\xampp\www\whcms\ThinkPHP\Library\Think\Db\Driver\Mysql.class.php 第 52 行.
SQL: SHOW COLUMNS FROM `cms_article_category` [ RunTime:0.007001s ]
SQL: INSERT INTO `cms_article_category` (`title`,`parentID`,`sortID`,`classLayer`) VALUES ('分类1',0,99,0) [ RunTime:0.001000s ]
SQL: UPDATE `cms_article_category` SET `classList`=',11,' WHERE ( id=11 ) [ RunTime:0.001000s ]
NOTIC: [8] Undefined variable: parentData D:\xampp\www\whcms\Application\Admin\Controller\ArticleCategoryController.class.php 第 96 行.

[ 2015-01-07T11:36:07+08:00 ] 127.0.0.1 /Admin/ArticleCategory/Add
INFO: [ app_init ] --START--
INFO: Run Behavior\BuildLiteBehavior [ RunTime:0.000000s ]
INFO: [ app_init ] --END-- [ RunTime:0.003000s ]
INFO: [ app_begin ] --START--
INFO: Run Behavior\ReadHtmlCacheBehavior [ RunTime:0.002000s ]
INFO: [ app_begin ] --END-- [ RunTime:0.003000s ]
NOTIC: [8192] mysql_connect(): The mysql extension is deprecated and will be removed in the future: use mysqli or PDO instead D:\xampp\www\whcms\ThinkPHP\Library\Think\Db\Driver\Mysql.class.php 第 52 行.
SQL: SHOW COLUMNS FROM `cms_article_category` [ RunTime:0.007000s ]
SQL: INSERT INTO `cms_article_category` (`title`,`parentID`,`sortID`,`classLayer`) VALUES ('分类2',0,99,0) [ RunTime:0.001000s ]
SQL: UPDATE `cms_article_category` SET `classList`=',12,' WHERE ( id=12 ) [ RunTime:0.001000s ]
NOTIC: [8] Undefined variable: parentData D:\xampp\www\whcms\Application\Admin\Controller\ArticleCategoryController.class.php 第 96 行.

[ 2015-01-07T11:36:09+08:00 ] 127.0.0.1 /Admin/ArticleCategory/add
INFO: [ app_init ] --START--
INFO: Run Behavior\BuildLiteBehavior [ RunTime:0.000000s ]
INFO: [ app_init ] --END-- [ RunTime:0.003000s ]

[ 2015-01-07T11:36:14+08:00 ] 127.0.0.1 /Admin/ArticleCategory/add
INFO: [ app_init ] --START--
INFO: Run Behavior\BuildLiteBehavior [ RunTime:0.000000s ]
INFO: [ app_init ] --END-- [ RunTime:0.003000s ]
INFO: [ app_begin ] --START--
INFO: Run Behavior\ReadHtmlCacheBehavior [ RunTime:0.002000s ]
INFO: [ app_begin ] --END-- [ RunTime:0.003000s ]
NOTIC: [8192] mysql_connect(): The mysql extension is deprecated and will be removed in the future: use mysqli or PDO instead D:\xampp\www\whcms\ThinkPHP\Library\Think\Db\Driver\Mysql.class.php 第 52 行.
SQL: SHOW COLUMNS FROM `cms_article_category` [ RunTime:0.006000s ]
SQL: SELECT * FROM `cms_article_category` WHERE `id` = 11 LIMIT 1   [ RunTime:0.000000s ]
SQL: INSERT INTO `cms_article_category` (`title`,`parentID`,`sortID`,`classLayer`) VALUES ('分类11',11,99,1) [ RunTime:0.001000s ]
SQL: UPDATE `cms_article_category` SET `classList`=',13,' WHERE ( id=13 ) [ RunTime:0.001000s ]

[ 2015-01-07T11:36:17+08:00 ] 127.0.0.1 /Admin/ArticleCategory/add
INFO: [ app_init ] --START--
INFO: Run Behavior\BuildLiteBehavior [ RunTime:0.000000s ]
INFO: [ app_init ] --END-- [ RunTime:0.003001s ]

[ 2015-01-07T11:36:21+08:00 ] 127.0.0.1 /Admin/ArticleCategory/add
INFO: [ app_init ] --START--
INFO: Run Behavior\BuildLiteBehavior [ RunTime:0.001000s ]
INFO: [ app_init ] --END-- [ RunTime:0.003000s ]
INFO: [ app_begin ] --START--
INFO: Run Behavior\ReadHtmlCacheBehavior [ RunTime:0.001000s ]
INFO: [ app_begin ] --END-- [ RunTime:0.003000s ]
NOTIC: [8192] mysql_connect(): The mysql extension is deprecated and will be removed in the future: use mysqli or PDO instead D:\xampp\www\whcms\ThinkPHP\Library\Think\Db\Driver\Mysql.class.php 第 52 行.
SQL: SHOW COLUMNS FROM `cms_article_category` [ RunTime:0.007000s ]
SQL: INSERT INTO `cms_article_category` (`title`,`parentID`,`sortID`,`classLayer`) VALUES ('分类111',0,99,0) [ RunTime:0.001000s ]
SQL: UPDATE `cms_article_category` SET `classList`=',14,' WHERE ( id=14 ) [ RunTime:0.001000s ]
NOTIC: [8] Undefined variable: parentData D:\xampp\www\whcms\Application\Admin\Controller\ArticleCategoryController.class.php 第 96 行.

[ 2015-01-07T11:36:23+08:00 ] 127.0.0.1 /Admin/ArticleCategory/lists
INFO: [ app_init ] --START--
INFO: Run Behavior\BuildLiteBehavior [ RunTime:0.001000s ]
INFO: [ app_init ] --END-- [ RunTime:0.002000s ]

[ 2015-01-07T11:36:38+08:00 ] 127.0.0.1 /Admin/ArticleCategory/add
INFO: [ app_init ] --START--
INFO: Run Behavior\BuildLiteBehavior [ RunTime:0.001000s ]
INFO: [ app_init ] --END-- [ RunTime:0.003000s ]

[ 2015-01-07T11:36:50+08:00 ] 127.0.0.1 /Admin/ArticleCategory/add
INFO: [ app_init ] --START--
INFO: Run Behavior\BuildLiteBehavior [ RunTime:0.000000s ]
INFO: [ app_init ] --END-- [ RunTime:0.003000s ]
INFO: [ app_begin ] --START--
INFO: Run Behavior\ReadHtmlCacheBehavior [ RunTime:0.001000s ]
INFO: [ app_begin ] --END-- [ RunTime:0.003000s ]
NOTIC: [8192] mysql_connect(): The mysql extension is deprecated and will be removed in the future: use mysqli or PDO instead D:\xampp\www\whcms\ThinkPHP\Library\Think\Db\Driver\Mysql.class.php 第 52 行.
SQL: SHOW COLUMNS FROM `cms_article_category` [ RunTime:0.006000s ]
SQL: SELECT * FROM `cms_article_category` WHERE `id` = 12 LIMIT 1   [ RunTime:0.001000s ]
SQL: INSERT INTO `cms_article_category` (`title`,`parentID`,`sortID`,`classLayer`) VALUES ('分类22',12,99,1) [ RunTime:0.001000s ]
SQL: UPDATE `cms_article_category` SET `classList`=',15,' WHERE ( id=15 ) [ RunTime:0.002001s ]

[ 2015-01-07T11:36:51+08:00 ] 127.0.0.1 /Admin/ArticleCategory/add
INFO: [ app_init ] --START--
INFO: Run Behavior\BuildLiteBehavior [ RunTime:0.001000s ]
INFO: [ app_init ] --END-- [ RunTime:0.002000s ]

[ 2015-01-07T11:36:56+08:00 ] 127.0.0.1 /Admin/ArticleCategory/add
INFO: [ app_init ] --START--
INFO: Run Behavior\BuildLiteBehavior [ RunTime:0.000000s ]
INFO: [ app_init ] --END-- [ RunTime:0.003001s ]
INFO: [ app_begin ] --START--
INFO: Run Behavior\ReadHtmlCacheBehavior [ RunTime:0.003001s ]
INFO: [ app_begin ] --END-- [ RunTime:0.005001s ]
NOTIC: [8192] mysql_connect(): The mysql extension is deprecated and will be removed in the future: use mysqli or PDO instead D:\xampp\www\whcms\ThinkPHP\Library\Think\Db\Driver\Mysql.class.php 第 52 行.
SQL: SHOW COLUMNS FROM `cms_article_category` [ RunTime:0.007000s ]
SQL: SELECT * FROM `cms_article_category` WHERE `id` = 15 LIMIT 1   [ RunTime:0.001000s ]
SQL: INSERT INTO `cms_article_category` (`title`,`parentID`,`sortID`,`classLayer`) VALUES ('分类222',15,99,2) [ RunTime:0.003000s ]
SQL: UPDATE `cms_article_category` SET `classList`=',16,' WHERE ( id=16 ) [ RunTime:0.001000s ]
NOTIC: [8] Undefined variable: reuslt D:\xampp\www\whcms\Application\Admin\Controller\ArticleCategoryController.class.php 第 98 行.
SQL: UPDATE `cms_article_category` SET `classList`=',15,,' WHERE `id` = 12 [ RunTime:0.001000s ]
SQL: SELECT * FROM `cms_article_category` WHERE `id` = 12 LIMIT 1   [ RunTime:0.001000s ]

[ 2015-01-07T11:36:59+08:00 ] 127.0.0.1 /Admin/ArticleCategory/add
INFO: [ app_init ] --START--
INFO: Run Behavior\BuildLiteBehavior [ RunTime:0.000000s ]
INFO: [ app_init ] --END-- [ RunTime:0.003000s ]

[ 2015-01-07T11:37:00+08:00 ] 127.0.0.1 /Admin/ArticleCategory/lists
INFO: [ app_init ] --START--
INFO: Run Behavior\BuildLiteBehavior [ RunTime:0.000000s ]
INFO: [ app_init ] --END-- [ RunTime:0.002000s ]

[ 2015-01-07T11:38:05+08:00 ] 127.0.0.1 /Admin/ArticleCategory/Add
INFO: [ app_init ] --START--
INFO: Run Behavior\BuildLiteBehavior [ RunTime:0.000000s ]
INFO: [ app_init ] --END-- [ RunTime:0.003000s ]

[ 2015-01-07T11:38:13+08:00 ] 127.0.0.1 /Admin/ArticleCategory/Add
INFO: [ app_init ] --START--
INFO: Run Behavior\BuildLiteBehavior [ RunTime:0.001000s ]
INFO: [ app_init ] --END-- [ RunTime:0.003001s ]
INFO: [ app_begin ] --START--
INFO: Run Behavior\ReadHtmlCacheBehavior [ RunTime:0.002000s ]
INFO: [ app_begin ] --END-- [ RunTime:0.003001s ]
NOTIC: [8192] mysql_connect(): The mysql extension is deprecated and will be removed in the future: use mysqli or PDO instead D:\xampp\www\whcms\ThinkPHP\Library\Think\Db\Driver\Mysql.class.php 第 52 行.
SQL: SHOW COLUMNS FROM `cms_article_category` [ RunTime:0.007000s ]
SQL: SELECT * FROM `cms_article_category` WHERE `id` = 16 LIMIT 1   [ RunTime:0.001000s ]
SQL: INSERT INTO `cms_article_category` (`title`,`parentID`,`sortID`,`classLayer`) VALUES ('分类2222',16,99,3) [ RunTime:0.001000s ]
SQL: UPDATE `cms_article_category` SET `classList`=',17,' WHERE ( id=17 ) [ RunTime:0.001000s ]
NOTIC: [8] Undefined variable: reuslt D:\xampp\www\whcms\Application\Admin\Controller\ArticleCategoryController.class.php 第 98 行.
SQL: UPDATE `cms_article_category` SET `classList`=',16,,' WHERE `id` = 15 [ RunTime:0.000000s ]
SQL: SELECT * FROM `cms_article_category` WHERE `id` = 15 LIMIT 1   [ RunTime:0.000000s ]
NOTIC: [8] Undefined variable: reuslt D:\xampp\www\whcms\Application\Admin\Controller\ArticleCategoryController.class.php 第 98 行.
SQL: UPDATE `cms_article_category` SET `classList`=',16,,,' WHERE `id` = 12 [ RunTime:0.001000s ]
SQL: SELECT * FROM `cms_article_category` WHERE `id` = 12 LIMIT 1   [ RunTime:0.001000s ]

[ 2015-01-07T11:38:39+08:00 ] 127.0.0.1 /Admin/ArticleCategory/lists
INFO: [ app_init ] --START--
INFO: Run Behavior\BuildLiteBehavior [ RunTime:0.000000s ]
INFO: [ app_init ] --END-- [ RunTime:0.003000s ]

[ 2015-01-07T11:39:32+08:00 ] 127.0.0.1 /Admin/ArticleCategory/add
INFO: [ app_init ] --START--
INFO: Run Behavior\BuildLiteBehavior [ RunTime:0.001000s ]
INFO: [ app_init ] --END-- [ RunTime:0.003000s ]

[ 2015-01-07T11:40:25+08:00 ] 127.0.0.1 /Admin/ArticleCategory/add
INFO: [ app_init ] --START--
INFO: Run Behavior\BuildLiteBehavior [ RunTime:0.001000s ]
INFO: [ app_init ] --END-- [ RunTime:0.003000s ]

[ 2015-01-07T11:43:39+08:00 ] 127.0.0.1 /Admin/ArticleCategory/add
INFO: [ app_init ] --START--
INFO: Run Behavior\BuildLiteBehavior [ RunTime:0.000000s ]
INFO: [ app_init ] --END-- [ RunTime:0.003000s ]
INFO: [ app_begin ] --START--
INFO: Run Behavior\ReadHtmlCacheBehavior [ RunTime:0.001000s ]
INFO: [ app_begin ] --END-- [ RunTime:0.003001s ]
NOTIC: [8192] mysql_connect(): The mysql extension is deprecated and will be removed in the future: use mysqli or PDO instead D:\xampp\www\whcms\ThinkPHP\Library\Think\Db\Driver\Mysql.class.php 第 52 行.
SQL: SHOW COLUMNS FROM `cms_article_category` [ RunTime:0.007000s ]
SQL: SELECT * FROM `cms_article_category` WHERE `id` = 17 LIMIT 1   [ RunTime:0.004000s ]
SQL: INSERT INTO `cms_article_category` (`title`,`parentID`,`sortID`,`classLayer`) VALUES ('分类22222',17,99,4) [ RunTime:0.004001s ]
SQL: UPDATE `cms_article_category` SET `classList`=',18,' WHERE ( id=18 ) [ RunTime:0.005000s ]
NOTIC: [8] Undefined variable: reuslt D:\xampp\www\whcms\Application\Admin\Controller\ArticleCategoryController.class.php 第 98 行.
SQL: UPDATE `cms_article_category` SET `classList`=',17,,' WHERE `id` = 16 [ RunTime:0.006000s ]
SQL: SELECT * FROM `cms_article_category` WHERE `id` = 16 LIMIT 1   [ RunTime:0.004001s ]
NOTIC: [8] Undefined variable: reuslt D:\xampp\www\whcms\Application\Admin\Controller\ArticleCategoryController.class.php 第 98 行.
SQL: UPDATE `cms_article_category` SET `classList`=',17,,,' WHERE `id` = 15 [ RunTime:0.003000s ]
SQL: SELECT * FROM `cms_article_category` WHERE `id` = 15 LIMIT 1   [ RunTime:0.003000s ]
NOTIC: [8] Undefined variable: reuslt D:\xampp\www\whcms\Application\Admin\Controller\ArticleCategoryController.class.php 第 98 行.
SQL: UPDATE `cms_article_category` SET `classList`=',17,,,,' WHERE `id` = 12 [ RunTime:0.009000s ]
SQL: SELECT * FROM `cms_article_category` WHERE `id` = 12 LIMIT 1   [ RunTime:0.003000s ]

[ 2015-01-07T11:43:49+08:00 ] 127.0.0.1 /Admin/ArticleCategory/add
INFO: [ app_init ] --START--
INFO: Run Behavior\BuildLiteBehavior [ RunTime:0.000000s ]
INFO: [ app_init ] --END-- [ RunTime:0.003000s ]

[ 2015-01-07T11:44:18+08:00 ] 127.0.0.1 /Admin/ArticleCategory/add
INFO: [ app_init ] --START--
INFO: Run Behavior\BuildLiteBehavior [ RunTime:0.001000s ]
INFO: [ app_init ] --END-- [ RunTime:0.003000s ]
INFO: [ app_begin ] --START--
INFO: Run Behavior\ReadHtmlCacheBehavior [ RunTime:0.002000s ]
INFO: [ app_begin ] --END-- [ RunTime:0.003000s ]
NOTIC: [8192] mysql_connect(): The mysql extension is deprecated and will be removed in the future: use mysqli or PDO instead D:\xampp\www\whcms\ThinkPHP\Library\Think\Db\Driver\Mysql.class.php 第 52 行.
SQL: SHOW COLUMNS FROM `cms_article_category` [ RunTime:0.007000s ]
SQL: SELECT * FROM `cms_article_category` WHERE `id` = 18 LIMIT 1   [ RunTime:0.000000s ]
SQL: INSERT INTO `cms_article_category` (`title`,`parentID`,`sortID`,`classLayer`) VALUES ('分类222222',18,99,5) [ RunTime:0.001000s ]
SQL: UPDATE `cms_article_category` SET `classList`=',19,' WHERE ( id=19 ) [ RunTime:0.005001s ]
SQL: UPDATE `cms_article_category` SET `classList`=',18,19,' WHERE `id` = 17 [ RunTime:0.001000s ]
SQL: SELECT * FROM `cms_article_category` WHERE `id` = 17 LIMIT 1   [ RunTime:0.001000s ]
SQL: UPDATE `cms_article_category` SET `classList`=',18,19,19,' WHERE `id` = 16 [ RunTime:0.000000s ]
SQL: SELECT * FROM `cms_article_category` WHERE `id` = 16 LIMIT 1   [ RunTime:0.001000s ]
SQL: UPDATE `cms_article_category` SET `classList`=',18,19,19,19,' WHERE `id` = 15 [ RunTime:0.001001s ]
SQL: SELECT * FROM `cms_article_category` WHERE `id` = 15 LIMIT 1   [ RunTime:0.001000s ]
SQL: UPDATE `cms_article_category` SET `classList`=',18,19,19,19,19,' WHERE `id` = 12 [ RunTime:0.001000s ]
SQL: SELECT * FROM `cms_article_category` WHERE `id` = 12 LIMIT 1   [ RunTime:0.001000s ]

[ 2015-01-07T11:45:02+08:00 ] 127.0.0.1 /Admin/ArticleCategory/lists
INFO: [ app_init ] --START--
INFO: Run Behavior\BuildLiteBehavior [ RunTime:0.001000s ]
INFO: [ app_init ] --END-- [ RunTime:0.003000s ]

[ 2015-01-07T11:45:05+08:00 ] 127.0.0.1 /Admin/ArticleCategory/add
INFO: [ app_init ] --START--
INFO: Run Behavior\BuildLiteBehavior [ RunTime:0.001000s ]
INFO: [ app_init ] --END-- [ RunTime:0.003000s ]

[ 2015-01-07T11:45:09+08:00 ] 127.0.0.1 /Admin/ArticleCategory/add
INFO: [ app_init ] --START--
INFO: Run Behavior\BuildLiteBehavior [ RunTime:0.000000s ]
INFO: [ app_init ] --END-- [ RunTime:0.002000s ]
INFO: [ app_begin ] --START--
INFO: Run Behavior\ReadHtmlCacheBehavior [ RunTime:0.001000s ]
INFO: [ app_begin ] --END-- [ RunTime:0.003000s ]
NOTIC: [8192] mysql_connect(): The mysql extension is deprecated and will be removed in the future: use mysqli or PDO instead D:\xampp\www\whcms\ThinkPHP\Library\Think\Db\Driver\Mysql.class.php 第 52 行.
SQL: SHOW COLUMNS FROM `cms_article_category` [ RunTime:0.006000s ]
SQL: INSERT INTO `cms_article_category` (`title`,`parentID`,`sortID`,`classLayer`) VALUES ('分类1',0,99,0) [ RunTime:0.002000s ]
SQL: UPDATE `cms_article_category` SET `classList`=',20,' WHERE ( id=20 ) [ RunTime:0.001000s ]
NOTIC: [8] Undefined variable: parentData D:\xampp\www\whcms\Application\Admin\Controller\ArticleCategoryController.class.php 第 96 行.

[ 2015-01-07T11:45:13+08:00 ] 127.0.0.1 /Admin/ArticleCategory/add
INFO: [ app_init ] --START--
INFO: Run Behavior\BuildLiteBehavior [ RunTime:0.000000s ]
INFO: [ app_init ] --END-- [ RunTime:0.003001s ]

[ 2015-01-07T11:45:22+08:00 ] 127.0.0.1 /Admin/ArticleCategory/add
INFO: [ app_init ] --START--
INFO: Run Behavior\BuildLiteBehavior [ RunTime:0.000000s ]
INFO: [ app_init ] --END-- [ RunTime:0.003001s ]
INFO: [ app_begin ] --START--
INFO: Run Behavior\ReadHtmlCacheBehavior [ RunTime:0.002000s ]
INFO: [ app_begin ] --END-- [ RunTime:0.002000s ]
NOTIC: [8192] mysql_connect(): The mysql extension is deprecated and will be removed in the future: use mysqli or PDO instead D:\xampp\www\whcms\ThinkPHP\Library\Think\Db\Driver\Mysql.class.php 第 52 行.
SQL: SHOW COLUMNS FROM `cms_article_category` [ RunTime:0.007001s ]
SQL: SELECT * FROM `cms_article_category` WHERE `id` = 20 LIMIT 1   [ RunTime:0.001000s ]
SQL: INSERT INTO `cms_article_category` (`title`,`parentID`,`sortID`,`classLayer`) VALUES ('分类11',20,99,1) [ RunTime:0.001000s ]
SQL: UPDATE `cms_article_category` SET `classList`=',21,' WHERE ( id=21 ) [ RunTime:0.001000s ]

[ 2015-01-07T11:45:24+08:00 ] 127.0.0.1 /Admin/ArticleCategory/add
INFO: [ app_init ] --START--
INFO: Run Behavior\BuildLiteBehavior [ RunTime:0.000000s ]
INFO: [ app_init ] --END-- [ RunTime:0.002000s ]

[ 2015-01-07T11:47:30+08:00 ] 127.0.0.1 /Admin/ArticleCategory/add
INFO: [ app_init ] --START--
INFO: Run Behavior\BuildLiteBehavior [ RunTime:0.000000s ]
INFO: [ app_init ] --END-- [ RunTime:0.003000s ]
INFO: [ app_begin ] --START--
INFO: Run Behavior\ReadHtmlCacheBehavior [ RunTime:0.003000s ]
INFO: [ app_begin ] --END-- [ RunTime:0.004000s ]
NOTIC: [8192] mysql_connect(): The mysql extension is deprecated and will be removed in the future: use mysqli or PDO instead D:\xampp\www\whcms\ThinkPHP\Library\Think\Db\Driver\Mysql.class.php 第 52 行.
SQL: SHOW COLUMNS FROM `cms_article_category` [ RunTime:0.008000s ]
NOTIC: [8] Undefined variable: parentData xdebug://debug-eval 第 1 行.
SQL: SELECT * FROM `cms_article_category` WHERE `id` = 21 LIMIT 1   [ RunTime:0.002000s ]
SQL: INSERT INTO `cms_article_category` (`title`,`parentID`,`sortID`,`classLayer`) VALUES ('分类111',21,99,2) [ RunTime:0.003000s ]
SQL: UPDATE `cms_article_category` SET `classList`=',22,' WHERE ( id=22 ) [ RunTime:0.002000s ]
SQL: UPDATE `cms_article_category` SET `classList`=',21,22,' WHERE `id` = 20 [ RunTime:0.003000s ]
SQL: SELECT * FROM `cms_article_category` WHERE `id` = 20 LIMIT 1   [ RunTime:0.001000s ]

[ 2015-01-07T11:47:39+08:00 ] 127.0.0.1 /Admin/ArticleCategory/lists
INFO: [ app_init ] --START--
INFO: Run Behavior\BuildLiteBehavior [ RunTime:0.001000s ]
INFO: [ app_init ] --END-- [ RunTime:0.004000s ]

[ 2015-01-07T11:47:46+08:00 ] 127.0.0.1 /Admin/ArticleCategory/add
INFO: [ app_init ] --START--
INFO: Run Behavior\BuildLiteBehavior [ RunTime:0.000000s ]
INFO: [ app_init ] --END-- [ RunTime:0.003000s ]

[ 2015-01-07T11:47:51+08:00 ] 127.0.0.1 /Admin/ArticleCategory/add
INFO: [ app_init ] --START--
INFO: Run Behavior\BuildLiteBehavior [ RunTime:0.001000s ]
INFO: [ app_init ] --END-- [ RunTime:0.003000s ]
INFO: [ app_begin ] --START--
INFO: Run Behavior\ReadHtmlCacheBehavior [ RunTime:0.001000s ]
INFO: [ app_begin ] --END-- [ RunTime:0.002000s ]
NOTIC: [8192] mysql_connect(): The mysql extension is deprecated and will be removed in the future: use mysqli or PDO instead D:\xampp\www\whcms\ThinkPHP\Library\Think\Db\Driver\Mysql.class.php 第 52 行.
SQL: SHOW COLUMNS FROM `cms_article_category` [ RunTime:0.007000s ]
SQL: INSERT INTO `cms_article_category` (`title`,`parentID`,`sortID`,`classLayer`) VALUES ('分类2',0,99,0) [ RunTime:0.001000s ]
SQL: UPDATE `cms_article_category` SET `classList`=',23,' WHERE ( id=23 ) [ RunTime:0.002000s ]
NOTIC: [8] Undefined variable: parentData D:\xampp\www\whcms\Application\Admin\Controller\ArticleCategoryController.class.php 第 96 行.

[ 2015-01-07T11:47:53+08:00 ] 127.0.0.1 /Admin/ArticleCategory/add
INFO: [ app_init ] --START--
INFO: Run Behavior\BuildLiteBehavior [ RunTime:0.001000s ]
INFO: [ app_init ] --END-- [ RunTime:0.003000s ]

[ 2015-01-07T11:47:59+08:00 ] 127.0.0.1 /Admin/ArticleCategory/add
INFO: [ app_init ] --START--
INFO: Run Behavior\BuildLiteBehavior [ RunTime:0.000000s ]
INFO: [ app_init ] --END-- [ RunTime:0.002000s ]
INFO: [ app_begin ] --START--
INFO: Run Behavior\ReadHtmlCacheBehavior [ RunTime:0.001000s ]
INFO: [ app_begin ] --END-- [ RunTime:0.003000s ]
NOTIC: [8192] mysql_connect(): The mysql extension is deprecated and will be removed in the future: use mysqli or PDO instead D:\xampp\www\whcms\ThinkPHP\Library\Think\Db\Driver\Mysql.class.php 第 52 行.
SQL: SHOW COLUMNS FROM `cms_article_category` [ RunTime:0.007001s ]
SQL: SELECT * FROM `cms_article_category` WHERE `id` = 23 LIMIT 1   [ RunTime:0.001000s ]
SQL: INSERT INTO `cms_article_category` (`title`,`parentID`,`sortID`,`classLayer`) VALUES ('分类22',23,99,1) [ RunTime:0.002001s ]
SQL: UPDATE `cms_article_category` SET `classList`=',24,' WHERE ( id=24 ) [ RunTime:0.001000s ]
SQL: UPDATE `cms_article_category` SET `classList`=',23,24,' WHERE `id` = 0 [ RunTime:0.001000s ]

[ 2015-01-07T11:50:24+08:00 ] 127.0.0.1 /Admin/ArticleCategory/add
INFO: [ app_init ] --START--
INFO: Run Behavior\BuildLiteBehavior [ RunTime:0.001000s ]
INFO: [ app_init ] --END-- [ RunTime:0.003000s ]
INFO: [ app_begin ] --START--
INFO: Run Behavior\ReadHtmlCacheBehavior [ RunTime:0.002000s ]
INFO: [ app_begin ] --END-- [ RunTime:0.003000s ]
NOTIC: [8192] mysql_connect(): The mysql extension is deprecated and will be removed in the future: use mysqli or PDO instead D:\xampp\www\whcms\ThinkPHP\Library\Think\Db\Driver\Mysql.class.php 第 52 行.
SQL: SHOW COLUMNS FROM `cms_article_category` [ RunTime:0.007001s ]
NOTIC: [8] Undefined variable: parentData xdebug://debug-eval 第 1 行.
SQL: SELECT * FROM `cms_article_category` WHERE `id` = 23 LIMIT 1   [ RunTime:0.003000s ]
SQL: INSERT INTO `cms_article_category` (`title`,`parentID`,`sortID`,`classLayer`) VALUES ('分类22',23,99,1) [ RunTime:0.001000s ]
SQL: UPDATE `cms_article_category` SET `classList`=',25,' WHERE ( id=25 ) [ RunTime:0.001000s ]

[ 2015-01-07T11:50:29+08:00 ] 127.0.0.1 /Admin/ArticleCategory/Add
INFO: [ app_init ] --START--
INFO: Run Behavior\BuildLiteBehavior [ RunTime:0.001000s ]
INFO: [ app_init ] --END-- [ RunTime:0.004000s ]

[ 2015-01-07T11:50:34+08:00 ] 127.0.0.1 /Admin/ArticleCategory/Add
INFO: [ app_init ] --START--
INFO: Run Behavior\BuildLiteBehavior [ RunTime:0.001000s ]
INFO: [ app_init ] --END-- [ RunTime:0.003000s ]
INFO: [ app_begin ] --START--
INFO: Run Behavior\ReadHtmlCacheBehavior [ RunTime:0.001000s ]
INFO: [ app_begin ] --END-- [ RunTime:0.003000s ]
NOTIC: [8192] mysql_connect(): The mysql extension is deprecated and will be removed in the future: use mysqli or PDO instead D:\xampp\www\whcms\ThinkPHP\Library\Think\Db\Driver\Mysql.class.php 第 52 行.
SQL: SHOW COLUMNS FROM `cms_article_category` [ RunTime:0.008001s ]
SQL: INSERT INTO `cms_article_category` (`title`,`parentID`,`sortID`,`classLayer`) VALUES ('分类3',0,99,0) [ RunTime:0.001000s ]
SQL: UPDATE `cms_article_category` SET `classList`=',26,' WHERE ( id=26 ) [ RunTime:0.001000s ]
NOTIC: [8] Undefined variable: parentData D:\xampp\www\whcms\Application\Admin\Controller\ArticleCategoryController.class.php 第 96 行.

[ 2015-01-07T11:50:42+08:00 ] 127.0.0.1 /Admin/ArticleCategory/add
INFO: [ app_init ] --START--
INFO: Run Behavior\BuildLiteBehavior [ RunTime:0.001000s ]
INFO: [ app_init ] --END-- [ RunTime:0.003000s ]

[ 2015-01-07T11:50:47+08:00 ] 127.0.0.1 /Admin/ArticleCategory/add
INFO: [ app_init ] --START--
INFO: Run Behavior\BuildLiteBehavior [ RunTime:0.001000s ]
INFO: [ app_init ] --END-- [ RunTime:0.003000s ]
INFO: [ app_begin ] --START--
INFO: Run Behavior\ReadHtmlCacheBehavior [ RunTime:0.002000s ]
INFO: [ app_begin ] --END-- [ RunTime:0.002000s ]
NOTIC: [8192] mysql_connect(): The mysql extension is deprecated and will be removed in the future: use mysqli or PDO instead D:\xampp\www\whcms\ThinkPHP\Library\Think\Db\Driver\Mysql.class.php 第 52 行.
SQL: SHOW COLUMNS FROM `cms_article_category` [ RunTime:0.008000s ]
SQL: SELECT * FROM `cms_article_category` WHERE `id` = 26 LIMIT 1   [ RunTime:0.001000s ]
SQL: INSERT INTO `cms_article_category` (`title`,`parentID`,`sortID`,`classLayer`) VALUES ('分类33',26,99,1) [ RunTime:0.001000s ]
SQL: UPDATE `cms_article_category` SET `classList`=',27,' WHERE ( id=27 ) [ RunTime:0.002001s ]
SQL: UPDATE `cms_article_category` SET `classList`=',26,27,' WHERE `id` = 26 [ RunTime:0.001000s ]
SQL: SELECT * FROM `cms_article_category` WHERE `id` = 0 LIMIT 1   [ RunTime:0.000000s ]

[ 2015-01-07T11:50:58+08:00 ] 127.0.0.1 /Admin/ArticleCategory/add
INFO: [ app_init ] --START--
INFO: Run Behavior\BuildLiteBehavior [ RunTime:0.000000s ]
INFO: [ app_init ] --END-- [ RunTime:0.003000s ]

[ 2015-01-07T11:51:03+08:00 ] 127.0.0.1 /Admin/ArticleCategory/add
INFO: [ app_init ] --START--
INFO: Run Behavior\BuildLiteBehavior [ RunTime:0.000000s ]
INFO: [ app_init ] --END-- [ RunTime:0.003000s ]
INFO: [ app_begin ] --START--
INFO: Run Behavior\ReadHtmlCacheBehavior [ RunTime:0.001000s ]
INFO: [ app_begin ] --END-- [ RunTime:0.003000s ]
NOTIC: [8192] mysql_connect(): The mysql extension is deprecated and will be removed in the future: use mysqli or PDO instead D:\xampp\www\whcms\ThinkPHP\Library\Think\Db\Driver\Mysql.class.php 第 52 行.
SQL: SHOW COLUMNS FROM `cms_article_category` [ RunTime:0.007000s ]
SQL: SELECT * FROM `cms_article_category` WHERE `id` = 27 LIMIT 1   [ RunTime:0.000000s ]
SQL: INSERT INTO `cms_article_category` (`title`,`parentID`,`sortID`,`classLayer`) VALUES ('分类333',27,99,2) [ RunTime:0.001000s ]
SQL: UPDATE `cms_article_category` SET `classList`=',28,' WHERE ( id=28 ) [ RunTime:0.001000s ]
SQL: UPDATE `cms_article_category` SET `classList`=',27,28,' WHERE `id` = 27 [ RunTime:0.001000s ]
SQL: SELECT * FROM `cms_article_category` WHERE `id` = 26 LIMIT 1   [ RunTime:0.001000s ]
SQL: UPDATE `cms_article_category` SET `classList`=',26,27,28,' WHERE `id` = 26 [ RunTime:0.001000s ]
SQL: SELECT * FROM `cms_article_category` WHERE `id` = 0 LIMIT 1   [ RunTime:0.001000s ]

[ 2015-01-07T11:51:46+08:00 ] 127.0.0.1 /Admin/ArticleCategory/add
INFO: [ app_init ] --START--
INFO: Run Behavior\BuildLiteBehavior [ RunTime:0.001000s ]
INFO: [ app_init ] --END-- [ RunTime:0.003000s ]

[ 2015-01-07T11:51:51+08:00 ] 127.0.0.1 /Admin/ArticleCategory/add
INFO: [ app_init ] --START--
INFO: Run Behavior\BuildLiteBehavior [ RunTime:0.001000s ]
INFO: [ app_init ] --END-- [ RunTime:0.003000s ]
INFO: [ app_begin ] --START--
INFO: Run Behavior\ReadHtmlCacheBehavior [ RunTime:0.001000s ]
INFO: [ app_begin ] --END-- [ RunTime:0.003000s ]
NOTIC: [8192] mysql_connect(): The mysql extension is deprecated and will be removed in the future: use mysqli or PDO instead D:\xampp\www\whcms\ThinkPHP\Library\Think\Db\Driver\Mysql.class.php 第 52 行.
SQL: SHOW COLUMNS FROM `cms_article_category` [ RunTime:0.007001s ]
SQL: SELECT * FROM `cms_article_category` WHERE `id` = 28 LIMIT 1   [ RunTime:0.001000s ]
SQL: INSERT INTO `cms_article_category` (`title`,`parentID`,`sortID`,`classLayer`) VALUES ('分类3333',28,99,3) [ RunTime:0.000000s ]
SQL: UPDATE `cms_article_category` SET `classList`=',29,' WHERE ( id=29 ) [ RunTime:0.001000s ]
SQL: UPDATE `cms_article_category` SET `classList`=',28,29,' WHERE `id` = 28 [ RunTime:0.001000s ]
SQL: SELECT * FROM `cms_article_category` WHERE `id` = 27 LIMIT 1   [ RunTime:0.001000s ]
SQL: UPDATE `cms_article_category` SET `classList`=',27,28,29,' WHERE `id` = 27 [ RunTime:0.001000s ]
SQL: SELECT * FROM `cms_article_category` WHERE `id` = 26 LIMIT 1   [ RunTime:0.000000s ]
SQL: UPDATE `cms_article_category` SET `classList`=',26,27,28,29,' WHERE `id` = 26 [ RunTime:0.000000s ]
SQL: SELECT * FROM `cms_article_category` WHERE `id` = 0 LIMIT 1   [ RunTime:0.001000s ]

[ 2015-01-07T15:11:42+08:00 ] 127.0.0.1 /Admin/ArticleCategory/lists
INFO: [ app_init ] --START--
INFO: Run Behavior\BuildLiteBehavior [ RunTime:0.000000s ]
INFO: [ app_init ] --END-- [ RunTime:0.016000s ]

[ 2015-01-07T15:11:48+08:00 ] 127.0.0.1 /Admin/ArticleCategory/add
INFO: [ app_init ] --START--
INFO: Run Behavior\BuildLiteBehavior [ RunTime:0.000000s ]
INFO: [ app_init ] --END-- [ RunTime:0.003000s ]

[ 2015-01-07T15:11:59+08:00 ] 127.0.0.1 /Admin/ArticleCategory/add
INFO: [ app_init ] --START--
INFO: Run Behavior\BuildLiteBehavior [ RunTime:0.001000s ]
INFO: [ app_init ] --END-- [ RunTime:0.004000s ]
INFO: [ app_begin ] --START--
INFO: Run Behavior\ReadHtmlCacheBehavior [ RunTime:0.001000s ]
INFO: [ app_begin ] --END-- [ RunTime:0.003000s ]
NOTIC: [8192] mysql_connect(): The mysql extension is deprecated and will be removed in the future: use mysqli or PDO instead D:\xampp\www\whcms\ThinkPHP\Library\Think\Db\Driver\Mysql.class.php 第 52 行.
SQL: SHOW COLUMNS FROM `cms_article_category` [ RunTime:0.008000s ]
NOTIC: [2] Illegal string offset 'title' D:\xampp\www\whcms\Application\Admin\Controller\ArticleCategoryController.class.php 第 68 行.
NOTIC: [2] Illegal string offset 'parentID' D:\xampp\www\whcms\Application\Admin\Controller\ArticleCategoryController.class.php 第 69 行.
NOTIC: [8] Undefined variable: parentID D:\xampp\www\whcms\Application\Admin\Controller\ArticleCategoryController.class.php 第 69 行.
NOTIC: [2] Illegal string offset 'sortID' D:\xampp\www\whcms\Application\Admin\Controller\ArticleCategoryController.class.php 第 70 行.
NOTIC: [2] Illegal string offset 'parentID' D:\xampp\www\whcms\Application\Admin\Model\ArticleCategoryModel.class.php 第 100 行.
NOTIC: [2] Illegal string offset 'parentID' D:\xampp\www\whcms\Application\Admin\Model\ArticleCategoryModel.class.php 第 104 行.
SQL: SELECT * FROM `cms_article_category` WHERE `id` = 9 LIMIT 1   [ RunTime:0.002000s ]
NOTIC: [2] Illegal string offset 'classLayer' D:\xampp\www\whcms\Application\Admin\Model\ArticleCategoryModel.class.php 第 106 行.
NOTIC: [2] Invalid argument supplied for foreach() D:\xampp\www\whcms\ThinkPHP\Library\Think\Model.class.php 第 252 行.
NOTIC: [2] Invalid argument supplied for foreach() D:\xampp\www\whcms\ThinkPHP\Library\Think\Db.class.php 第 688 行.
SQL: INSERT INTO `cms_article_category` () VALUES () [ RunTime:0.001000s ]
NOTIC: [2] Illegal string offset 'id' D:\xampp\www\whcms\ThinkPHP\Library\Think\Model.class.php 第 310 行.
SQL: UPDATE `cms_article_category` SET `classList`=',30,' WHERE ( id=30 ) [ RunTime:0.001000s ]

[ 2015-01-07T15:12:02+08:00 ] 127.0.0.1 /Admin/ArticleCategory/lists
INFO: [ app_init ] --START--
INFO: Run Behavior\BuildLiteBehavior [ RunTime:0.000000s ]
INFO: [ app_init ] --END-- [ RunTime:0.002000s ]

[ 2015-01-07T15:12:43+08:00 ] 127.0.0.1 /Admin/ArticleCategory/add
INFO: [ app_init ] --START--
INFO: Run Behavior\BuildLiteBehavior [ RunTime:0.001000s ]
INFO: [ app_init ] --END-- [ RunTime:0.003000s ]

[ 2015-01-07T15:12:51+08:00 ] 127.0.0.1 /Admin/ArticleCategory/add
INFO: [ app_init ] --START--
INFO: Run Behavior\BuildLiteBehavior [ RunTime:0.000000s ]
INFO: [ app_init ] --END-- [ RunTime:0.002000s ]
INFO: [ app_begin ] --START--
INFO: Run Behavior\ReadHtmlCacheBehavior [ RunTime:0.001000s ]
INFO: [ app_begin ] --END-- [ RunTime:0.003000s ]
NOTIC: [8192] mysql_connect(): The mysql extension is deprecated and will be removed in the future: use mysqli or PDO instead D:\xampp\www\whcms\ThinkPHP\Library\Think\Db\Driver\Mysql.class.php 第 52 行.
SQL: SHOW COLUMNS FROM `cms_article_category` [ RunTime:0.008000s ]
NOTIC: [8] Undefined variable: parentID D:\xampp\www\whcms\Application\Admin\Controller\ArticleCategoryController.class.php 第 69 行.
SQL: SELECT * FROM `cms_article_category` WHERE `id` = null LIMIT 1   [ RunTime:0.002000s ]
SQL: INSERT INTO `cms_article_category` (`parentID`,`title`,`sortID`,`classLayer`) VALUES (null,'分类33333',99,1) [ RunTime:0.001000s ]
ERR: 1048:Column 'parentID' cannot be null
 [ SQL语句 ] : INSERT INTO `cms_article_category` (`parentID`,`title`,`sortID`,`classLayer`) VALUES (null,'分类33333',99,1)

[ 2015-01-07T15:14:19+08:00 ] 127.0.0.1 /Admin/ArticleCategory/add
INFO: [ app_init ] --START--
INFO: Run Behavior\BuildLiteBehavior [ RunTime:0.001000s ]
INFO: [ app_init ] --END-- [ RunTime:0.003000s ]
INFO: [ app_begin ] --START--
INFO: Run Behavior\ReadHtmlCacheBehavior [ RunTime:0.002000s ]
INFO: [ app_begin ] --END-- [ RunTime:0.004000s ]
NOTIC: [8192] mysql_connect(): The mysql extension is deprecated and will be removed in the future: use mysqli or PDO instead D:\xampp\www\whcms\ThinkPHP\Library\Think\Db\Driver\Mysql.class.php 第 52 行.
SQL: SHOW COLUMNS FROM `cms_article_category` [ RunTime:0.008000s ]
NOTIC: [8] Undefined variable: parentID D:\xampp\www\whcms\Application\Admin\Controller\ArticleCategoryController.class.php 第 69 行.
NOTIC: [8] Undefined variable: parentData xdebug://debug-eval 第 1 行.
NOTIC: [8] Undefined variable: parentData xdebug://debug-eval 第 1 行.
NOTIC: [8] Undefined variable: parentData xdebug://debug-eval 第 1 行.
NOTIC: [8] Undefined variable: parentData xdebug://debug-eval 第 1 行.
NOTIC: [8] Undefined variable: parentData xdebug://debug-eval 第 1 行.
NOTIC: [8] Undefined variable: parentData xdebug://debug-eval 第 1 行.
NOTIC: [8] Undefined variable: parentData xdebug://debug-eval 第 1 行.
NOTIC: [8] Undefined variable: parentData xdebug://debug-eval 第 1 行.
SQL: SELECT * FROM `cms_article_category` WHERE `id` = null LIMIT 1   [ RunTime:0.001000s ]
SQL: INSERT INTO `cms_article_category` (`parentID`,`title`,`sortID`,`classLayer`) VALUES (null,'分类33333',99,1) [ RunTime:0.002000s ]
ERR: 1048:Column 'parentID' cannot be null
 [ SQL语句 ] : INSERT INTO `cms_article_category` (`parentID`,`title`,`sortID`,`classLayer`) VALUES (null,'分类33333',99,1)

[ 2015-01-07T15:14:59+08:00 ] 127.0.0.1 /Admin/ArticleCategory/add
INFO: [ app_init ] --START--
INFO: Run Behavior\BuildLiteBehavior [ RunTime:0.000000s ]
INFO: [ app_init ] --END-- [ RunTime:0.003000s ]
INFO: [ app_begin ] --START--
INFO: Run Behavior\ReadHtmlCacheBehavior [ RunTime:0.002001s ]
INFO: [ app_begin ] --END-- [ RunTime:0.003001s ]
NOTIC: [8192] mysql_connect(): The mysql extension is deprecated and will be removed in the future: use mysqli or PDO instead D:\xampp\www\whcms\ThinkPHP\Library\Think\Db\Driver\Mysql.class.php 第 52 行.
SQL: SHOW COLUMNS FROM `cms_article_category` [ RunTime:0.007000s ]
SQL: SELECT * FROM `cms_article_category` WHERE `id` = 29 LIMIT 1   [ RunTime:0.001000s ]
SQL: INSERT INTO `cms_article_category` (`parentID`,`title`,`sortID`,`classLayer`) VALUES (29,'分类33333',99,4) [ RunTime:0.004000s ]
SQL: UPDATE `cms_article_category` SET `classList`=',31,' WHERE ( id=31 ) [ RunTime:0.001000s ]
SQL: UPDATE `cms_article_category` SET `classList`=',29,31,' WHERE `id` = 29 [ RunTime:0.000000s ]
SQL: SELECT * FROM `cms_article_category` WHERE `id` = 28 LIMIT 1   [ RunTime:0.000000s ]
SQL: UPDATE `cms_article_category` SET `classList`=',28,29,31,' WHERE `id` = 28 [ RunTime:0.001000s ]
SQL: SELECT * FROM `cms_article_category` WHERE `id` = 27 LIMIT 1   [ RunTime:0.001000s ]
SQL: UPDATE `cms_article_category` SET `classList`=',27,28,29,31,' WHERE `id` = 27 [ RunTime:0.001000s ]
SQL: SELECT * FROM `cms_article_category` WHERE `id` = 26 LIMIT 1   [ RunTime:0.001000s ]
SQL: UPDATE `cms_article_category` SET `classList`=',26,27,28,29,31,' WHERE `id` = 26 [ RunTime:0.001001s ]
SQL: SELECT * FROM `cms_article_category` WHERE `id` = 0 LIMIT 1   [ RunTime:0.004000s ]

[ 2015-01-07T15:15:01+08:00 ] 127.0.0.1 /Admin/ArticleCategory/lists
INFO: [ app_init ] --START--
INFO: Run Behavior\BuildLiteBehavior [ RunTime:0.000000s ]
INFO: [ app_init ] --END-- [ RunTime:0.003000s ]

[ 2015-01-07T15:17:38+08:00 ] 127.0.0.1 /Admin/ArticleCategory/lists
INFO: [ app_init ] --START--
INFO: Run Behavior\BuildLiteBehavior [ RunTime:0.000000s ]
INFO: [ app_init ] --END-- [ RunTime:0.003000s ]

[ 2015-01-07T15:17:49+08:00 ] 127.0.0.1 /Admin/ArticleCategory/lists
INFO: [ app_init ] --START--
INFO: Run Behavior\BuildLiteBehavior [ RunTime:0.000000s ]
INFO: [ app_init ] --END-- [ RunTime:0.003000s ]

[ 2015-01-07T15:19:19+08:00 ] 127.0.0.1 /Admin/Article/lists
INFO: [ app_init ] --START--
INFO: Run Behavior\BuildLiteBehavior [ RunTime:0.000000s ]
INFO: [ app_init ] --END-- [ RunTime:0.003000s ]

[ 2015-01-07T15:19:21+08:00 ] 127.0.0.1 /Admin/Article/edit/id/53
INFO: [ app_init ] --START--
INFO: Run Behavior\BuildLiteBehavior [ RunTime:0.001000s ]
INFO: [ app_init ] --END-- [ RunTime:0.002000s ]

[ 2015-01-07T15:19:24+08:00 ] 127.0.0.1 /Admin/ArticleCategory/lists
INFO: [ app_init ] --START--
INFO: Run Behavior\BuildLiteBehavior [ RunTime:0.000000s ]
INFO: [ app_init ] --END-- [ RunTime:0.003000s ]

[ 2015-01-07T15:22:41+08:00 ] 127.0.0.1 /Admin/ArticleCategory/lists
INFO: [ app_init ] --START--
INFO: Run Behavior\BuildLiteBehavior [ RunTime:0.001000s ]
INFO: [ app_init ] --END-- [ RunTime:0.002000s ]

[ 2015-01-07T15:22:42+08:00 ] 127.0.0.1 /Admin/ArticleCategory/edit/id/20
INFO: [ app_init ] --START--
INFO: Run Behavior\BuildLiteBehavior [ RunTime:0.000000s ]
INFO: [ app_init ] --END-- [ RunTime:0.003000s ]

[ 2015-01-07T15:23:10+08:00 ] 127.0.0.1 /Admin/ArticleCategory/edit/id/20
INFO: [ app_init ] --START--
INFO: Run Behavior\BuildLiteBehavior [ RunTime:0.001000s ]
INFO: [ app_init ] --END-- [ RunTime:0.003000s ]

[ 2015-01-07T15:23:26+08:00 ] 127.0.0.1 /Admin/ArticleCategory/edit/id/20
INFO: [ app_init ] --START--
INFO: Run Behavior\BuildLiteBehavior [ RunTime:0.000000s ]
INFO: [ app_init ] --END-- [ RunTime:0.002001s ]

[ 2015-01-07T15:26:06+08:00 ] 127.0.0.1 /Admin/ArticleCategory/edit/id/20
INFO: [ app_init ] --START--
INFO: Run Behavior\BuildLiteBehavior [ RunTime:0.000000s ]
INFO: [ app_init ] --END-- [ RunTime:0.003000s ]

[ 2015-01-07T15:26:09+08:00 ] 127.0.0.1 /Admin/ArticleCategory/edit/id/20
INFO: [ app_init ] --START--
INFO: Run Behavior\BuildLiteBehavior [ RunTime:0.002000s ]
INFO: [ app_init ] --END-- [ RunTime:0.005001s ]

[ 2015-01-07T15:27:03+08:00 ] 127.0.0.1 /Admin/ArticleCategory/edit/id/20
INFO: [ app_init ] --START--
INFO: Run Behavior\BuildLiteBehavior [ RunTime:0.001000s ]
INFO: [ app_init ] --END-- [ RunTime:0.003000s ]

[ 2015-01-07T15:27:11+08:00 ] 127.0.0.1 /Admin/ArticleCategory/lists
INFO: [ app_init ] --START--
INFO: Run Behavior\BuildLiteBehavior [ RunTime:0.000000s ]
INFO: [ app_init ] --END-- [ RunTime:0.003000s ]

[ 2015-01-07T15:27:13+08:00 ] 127.0.0.1 /Admin/ArticleCategory/edit/id/22
INFO: [ app_init ] --START--
INFO: Run Behavior\BuildLiteBehavior [ RunTime:0.001000s ]
INFO: [ app_init ] --END-- [ RunTime:0.003001s ]

[ 2015-01-07T15:27:38+08:00 ] 127.0.0.1 /Admin/ArticleCategory/lists
INFO: [ app_init ] --START--
INFO: Run Behavior\BuildLiteBehavior [ RunTime:0.000000s ]
INFO: [ app_init ] --END-- [ RunTime:0.003001s ]

[ 2015-01-07T15:27:40+08:00 ] 127.0.0.1 /Admin/ArticleCategory/edit/id/22
INFO: [ app_init ] --START--
INFO: Run Behavior\BuildLiteBehavior [ RunTime:0.000000s ]
INFO: [ app_init ] --END-- [ RunTime:0.002000s ]

[ 2015-01-07T15:27:47+08:00 ] 127.0.0.1 /Admin/ArticleCategory/edit/id/22
INFO: [ app_init ] --START--
INFO: Run Behavior\BuildLiteBehavior [ RunTime:0.000000s ]
INFO: [ app_init ] --END-- [ RunTime:0.002000s ]

[ 2015-01-07T15:28:19+08:00 ] 127.0.0.1 /Admin/ArticleCategory/edit/id/22
INFO: [ app_init ] --START--
INFO: Run Behavior\BuildLiteBehavior [ RunTime:0.001000s ]
INFO: [ app_init ] --END-- [ RunTime:0.003000s ]

[ 2015-01-07T15:28:39+08:00 ] 127.0.0.1 /Admin/ArticleCategory/Add
INFO: [ app_init ] --START--
INFO: Run Behavior\BuildLiteBehavior [ RunTime:0.000000s ]
INFO: [ app_init ] --END-- [ RunTime:0.003000s ]

[ 2015-01-07T15:28:43+08:00 ] 127.0.0.1 /Admin/ArticleCategory/lists
INFO: [ app_init ] --START--
INFO: Run Behavior\BuildLiteBehavior [ RunTime:0.000000s ]
INFO: [ app_init ] --END-- [ RunTime:0.003000s ]

[ 2015-01-07T15:28:45+08:00 ] 127.0.0.1 /Admin/ArticleCategory/edit/id/20
INFO: [ app_init ] --START--
INFO: Run Behavior\BuildLiteBehavior [ RunTime:0.001000s ]
INFO: [ app_init ] --END-- [ RunTime:0.003000s ]

[ 2015-01-07T15:29:11+08:00 ] 127.0.0.1 /Admin/ArticleCategory/lists
INFO: [ app_init ] --START--
INFO: Run Behavior\BuildLiteBehavior [ RunTime:0.000000s ]
INFO: [ app_init ] --END-- [ RunTime:0.002000s ]

[ 2015-01-07T15:29:13+08:00 ] 127.0.0.1 /Admin/ArticleCategory/edit/id/22
INFO: [ app_init ] --START--
INFO: Run Behavior\BuildLiteBehavior [ RunTime:0.000000s ]
INFO: [ app_init ] --END-- [ RunTime:0.003000s ]

[ 2015-01-07T15:29:33+08:00 ] 127.0.0.1 /Admin/ArticleCategory/lists
INFO: [ app_init ] --START--
INFO: Run Behavior\BuildLiteBehavior [ RunTime:0.000000s ]
INFO: [ app_init ] --END-- [ RunTime:0.003001s ]

[ 2015-01-07T15:29:35+08:00 ] 127.0.0.1 /Admin/ArticleCategory/edit/id/22
INFO: [ app_init ] --START--
INFO: Run Behavior\BuildLiteBehavior [ RunTime:0.000000s ]
INFO: [ app_init ] --END-- [ RunTime:0.003000s ]

[ 2015-01-07T15:32:05+08:00 ] 127.0.0.1 /Admin/ArticleCategory/lists
INFO: [ app_init ] --START--
INFO: Run Behavior\BuildLiteBehavior [ RunTime:0.001000s ]
INFO: [ app_init ] --END-- [ RunTime:0.003001s ]

[ 2015-01-07T15:32:07+08:00 ] 127.0.0.1 /Admin/ArticleCategory/edit/id/22
INFO: [ app_init ] --START--
INFO: Run Behavior\BuildLiteBehavior [ RunTime:0.000000s ]
INFO: [ app_init ] --END-- [ RunTime:0.003000s ]

[ 2015-01-07T15:32:40+08:00 ] 127.0.0.1 /Admin/ArticleCategory/lists
INFO: [ app_init ] --START--
INFO: Run Behavior\BuildLiteBehavior [ RunTime:0.000000s ]
INFO: [ app_init ] --END-- [ RunTime:0.003001s ]

[ 2015-01-07T15:32:46+08:00 ] 127.0.0.1 /Admin/ArticleCategory/edit/id/22
INFO: [ app_init ] --START--
INFO: Run Behavior\BuildLiteBehavior [ RunTime:0.000000s ]
INFO: [ app_init ] --END-- [ RunTime:0.003000s ]

[ 2015-01-07T15:35:02+08:00 ] 127.0.0.1 /Admin/ArticleCategory/edit/id/22
INFO: [ app_init ] --START--
INFO: Run Behavior\BuildLiteBehavior [ RunTime:0.001000s ]
INFO: [ app_init ] --END-- [ RunTime:0.003000s ]

[ 2015-01-07T15:38:14+08:00 ] 127.0.0.1 /Admin/ArticleCategory/edit/id/22
INFO: [ app_init ] --START--
INFO: Run Behavior\BuildLiteBehavior [ RunTime:0.001000s ]
INFO: [ app_init ] --END-- [ RunTime:0.004000s ]

[ 2015-01-07T15:39:33+08:00 ] 127.0.0.1 /Admin/ArticleCategory/edit/id/22
INFO: [ app_init ] --START--
INFO: Run Behavior\BuildLiteBehavior [ RunTime:0.001001s ]
INFO: [ app_init ] --END-- [ RunTime:0.003001s ]

[ 2015-01-07T15:42:43+08:00 ] 127.0.0.1 /Admin/ArticleCategory/edit/id/22
INFO: [ app_init ] --START--
INFO: Run Behavior\BuildLiteBehavior [ RunTime:0.000000s ]
INFO: [ app_init ] --END-- [ RunTime:0.003000s ]

[ 2015-01-07T15:43:36+08:00 ] 127.0.0.1 /Admin/ArticleCategory/edit/id/22
INFO: [ app_init ] --START--
INFO: Run Behavior\BuildLiteBehavior [ RunTime:0.001000s ]
INFO: [ app_init ] --END-- [ RunTime:0.003000s ]

[ 2015-01-07T15:43:55+08:00 ] 127.0.0.1 /Admin/ArticleCategory/edit/id/22
INFO: [ app_init ] --START--
INFO: Run Behavior\BuildLiteBehavior [ RunTime:0.001000s ]
INFO: [ app_init ] --END-- [ RunTime:0.003000s ]

[ 2015-01-07T15:44:08+08:00 ] 127.0.0.1 /Admin/ArticleCategory/lists
INFO: [ app_init ] --START--
INFO: Run Behavior\BuildLiteBehavior [ RunTime:0.000000s ]
INFO: [ app_init ] --END-- [ RunTime:0.002000s ]

[ 2015-01-07T15:44:12+08:00 ] 127.0.0.1 /Admin/ArticleCategory/edit/id/21
INFO: [ app_init ] --START--
INFO: Run Behavior\BuildLiteBehavior [ RunTime:0.000000s ]
INFO: [ app_init ] --END-- [ RunTime:0.003000s ]

[ 2015-01-07T15:44:55+08:00 ] 127.0.0.1 /Admin/ArticleCategory/lists
INFO: [ app_init ] --START--
INFO: Run Behavior\BuildLiteBehavior [ RunTime:0.000000s ]
INFO: [ app_init ] --END-- [ RunTime:0.003001s ]

[ 2015-01-07T15:44:58+08:00 ] 127.0.0.1 /Admin/ArticleCategory/edit/id/22
INFO: [ app_init ] --START--
INFO: Run Behavior\BuildLiteBehavior [ RunTime:0.001000s ]
INFO: [ app_init ] --END-- [ RunTime:0.002000s ]

[ 2015-01-07T15:46:16+08:00 ] 127.0.0.1 /Admin/Article/lists
INFO: [ app_init ] --START--
INFO: Run Behavior\BuildLiteBehavior [ RunTime:0.001001s ]
INFO: [ app_init ] --END-- [ RunTime:0.003001s ]

[ 2015-01-07T15:46:18+08:00 ] 127.0.0.1 /Admin/ArticleCategory/lists
INFO: [ app_init ] --START--
INFO: Run Behavior\BuildLiteBehavior [ RunTime:0.001000s ]
INFO: [ app_init ] --END-- [ RunTime:0.002001s ]

[ 2015-01-07T15:46:22+08:00 ] 127.0.0.1 /Admin/ArticleCategory/edit/id/31
INFO: [ app_init ] --START--
INFO: Run Behavior\BuildLiteBehavior [ RunTime:0.000000s ]
INFO: [ app_init ] --END-- [ RunTime:0.003000s ]

[ 2015-01-07T15:46:25+08:00 ] 127.0.0.1 /Admin/ArticleCategory/lists
INFO: [ app_init ] --START--
INFO: Run Behavior\BuildLiteBehavior [ RunTime:0.002000s ]
INFO: [ app_init ] --END-- [ RunTime:0.005000s ]

